--- Layout Spore Log ---
Created: 2026-03-07
Status: growing

Action: Initial spore creation
- Defined layout components: Header, Hero, Content Sections, Footer
- Set input dependencies: story.md, manifest.md
- Set output dependencies: /root/src/index.html, /root/src/styles.css

--- 2026-03-07: Analysis ---
- Status verified: growing (active development)
- Input dependencies verified: story.md and manifest.md are readable
- Output dependencies: /root/src/index.html, /root/src/styles.css pending
- Depends on: story.md (content must be ready for layout)
- No bugs to fix

--- 2026-03-07: Second Analysis ---
- Status: growing
- Verified prompt.md archive fix applied
- No bugs to fix

--- 2026-03-07: Manifestation ---
- Status: mature (structure defined in biomass)
- Biomass created: /root/src/index.html
- Layout components implemented:
  1. Header: Project title and navigation
  2. Hero Section: Introduction to SporeFlow
  3. Content Sections: Story chapters
  4. Footer: Credits and links
- Output dependencies fulfilled: /root/src/index.html and /root/src/styles.css now exist
