--- Styles Spore Log ---
Created: 2026-03-07
Status: growing

Action: Initial spore creation
- Defined design direction: fungal/mycelium aesthetic
- Set colors: earth tones, mushroom colors
- Set input dependency: layout.md
- Set output dependency: /root/src/styles.css

--- 2026-03-07: Analysis ---
- Status verified: growing (active development)
- Design direction: Earth tones, mushroom colors confirmed
- Input dependency layout.md: readable and valid
- Output dependency /root/src/styles.css pending manifestation
- No bugs to fix

--- 2026-03-07: Second Analysis ---
- Status: growing
- Verified prompt.md archive fix applied
- No bugs to fix

--- 2026-03-07: Manifestation ---
- Status: mature (styling defined in biomass)
- Biomass created: /root/src/styles.css
- Design implemented:
  - Organic, fungal aesthetic
  - Earth tones: cream, parchment, sand, mushroom
  - Mushroom colors: brown, dark-brown, bark
  - Subtle greens: moss, subtle-green
  - CSS custom properties for theming
  - Responsive design with media queries
  - Animations: pulse, flow
- Output dependency fulfilled: /root/src/styles.css now exists
