---
Description: Log of actions taken for prompt processing
Date: 2026-03-07
---
# Manifestation Log

## Actions Performed

### 1. Prompt Analysis
- Read spores/manifest.md to understand the project vision
- Read output dependencies: architecture.md, substrate.md, charms.md
- Analyzed active prompt in prompt.md

### 2. Biomass Update (Charms Section)
- Added new "Charms: The Mycelial Tools" section to index.html
- Included information about:
  - What are Charms
  - Code Fingerprint Types (Origin, Transformation, Validation)
  - Charm Categories (Tracing, Validation, Documentation, Isolation)
- Updated navigation to include Charms link

### 3. Responsive Design Improvements
- Increased base font size with clamp() for better responsiveness
- Increased H1 font size (clamp(2.8rem, 9vw, 5rem))
- Increased H2 font size (clamp(2rem, 5vw, 2.8rem))
- Added responsive styles for Charms section
- Added improved mobile styling

### 4. CSS Enhancements
- Added styles for .charm-examples grid
- Added styles for .charm-example code blocks
- Added styles for .charm-categories list
- Enhanced mobile breakpoints

### 5. Prompt Archival
- Archived active prompt in prompt.md with timestamp

## Files Modified
- /root/src/index.html - Added Charms section and navigation link
- /root/src/styles.css - Added Charms styles and increased font sizes
- /spores/_food/prompt.md - Archived the processed prompt

## Status
No bugs detected. All tasks completed successfully.
