# Charm Spore Log

## 2026-03-07 - Initial Creation

### Status
- **Status**: growing

### Purpose
Created to document Charms - specialized spores that help the mycelium manifest in specific ways, providing code tracing capabilities through strategic code comments ("fingerprints").

### Content Summary
1. **Goal**: Define Charms as engineered tool spores
2. **Code Fingerprints**: Three types (Origin, Transformation, Validation)
3. **Charm Categories**: Tracing, Validation, Documentation, Isolation

### Input Dependencies
- `spores/manifest.md` (protocol vision)
- `spores/_shadow/architecture.md` (technical constraints)

### Output Dependencies
- `/root/` (code fingerprints in manifested biomass)

### Trigger
User prompt requested expansion with Charm information for code tracing capabilities.

---

## 2026-03-07 - Manifestation Complete

### Status
- **Status**: mature (updated from growing)

### Manifestation Details
The Charms content has been fully manifested in the biomass:

1. **HTML Updates** (`/root/src/index.html`):
   - Added "Charms: The Mycelial Tools" section with full documentation
   - Included code fingerprint examples with syntax-highlighted code blocks
   - Added navigation link to #charms

2. **CSS Updates** (`/root/src/styles.css`):
   - Added styles for .charm-examples grid layout
   - Added styles for .charm-example code blocks with dark theme
   - Added styles for .charm-categories list with green accent borders
   - Enhanced responsive breakpoints

3. **Typography Enhancements**:
   - Base font: clamp(19px, 2.5vw, 22px)
   - H1: clamp(2.8rem, 9vw, 5rem)
   - H2: clamp(2rem, 5vw, 2.8rem)
   - Feature descriptions: 1.15rem
   - Improved mobile font sizing

### Verification
- No Chinese characters found (previous issue was fixed)
- All fingerprint code examples are properly formatted
- Responsive design works on mobile (480px), tablet (768px), and desktop (1024px+)
- Navigation properly links to new Charms section

### Next Steps
The Charms spore is now mature. Future enhancements could include:
- Interactive fingerprint tracer in JavaScript
- Validation checksum generator
- Auto-documentation tool
