--- Initial manifestation ---

--- 2026-03-07: Bootstrap Phase Completed ---
1. Archived prompt.md with <!-- Archived: 2026-03-07 -->
2. Created base folder structure: /root/src, /root/output
3. Generated minimal specification spores:
   - spores/content/story.md (story content)
   - spores/ui/layout.md (page layout)
   - spores/ui/styles.md (visual styling)
4. No bugs to fix (last-bug.md was empty)
5. Project: sporeflow-page (static HTML about SporeFlow protocol)

--- 2026-03-07: Analysis Phase ---
1. Analyzed changed files: manifest.log, prompt.md, story.log, story.md, layout.md, layout.log, styles.log, styles.md
2. Fixed prompt.md: Moved <!-- Archived: 2026-03-07 --> to the VERY BEGINNING of file (line 1) per protocol requirement
3. Verified: last-bug.md was empty - no bugs to fix
4. Verified: post-mortem.md is clean - no prior errors to learn from
5. All spores (story, layout, styles) are in "growing" status - appropriate for active development
6. Output dependencies verified: All spores point to /root/src/ files (index.html, styles.css)

--- 2026-03-07: Second Analysis ---
1. Re-analyzed changed files: manifest.log, prompt.md, story.log, layout.log, styles.log
2. Issue found: prompt.md had Archived tag on line 3, not at very beginning
3. Fixed: Prepended <!-- Archived: 2026-03-07 --> to line 1 of prompt.md
4. Verified: last-bug.md empty - no bugs to fix
5. Verified: post-mortem.md clean - no prior errors
6. Status: All spores (story, layout, styles) remain in "growing" status

--- 2026-03-07: Biomass Manifestation ---
1. Prompt received: "Manifest the biomass in root/"
2. Analyzed output dependencies from manifest.md:
   - /spores/_shadow/architecture.md
   - /spores/_food/substrate.md
3. Read domain spores:
   - spores/ui/layout.md (structure)
   - spores/ui/styles.md (styling)
   - spores/content/story.md (content)
4. Verified: last-bug.md was empty - no bugs to fix
5. Created /root/src directory structure
6. Generated /root/src/index.html:
   - Header with navigation
   - Hero section introducing SporeFlow
   - Content sections: Origin, Mycelium Analogy, Key Features, Future Vision
   - Footer with credits
7. Generated /root/src/styles.css:
   - Organic fungal aesthetic
   - Earth tones, mushroom colors
   - Subtle green accents
   - CSS custom properties
   - Responsive design
8. Archived prompt.md: Added <!-- Archived: 2026-03-07 --> at beginning
9. Spore status updates:
   - ui/layout.md: growing -> mature
   - ui/styles.md: growing -> mature
   - content/story.md: growing -> mature
10. Result: Biomass successfully manifested

--- 2026-03-07: GitHub Links Added ---
1. Analyzed prompt.md - found two active prompts:
   - Add link to main sporeflow.md repository in top description
   - Add footer text with link to landing page repository
2. Read output dependencies:
   - /spores/_shadow/architecture.md (technical blueprint)
   - /spores/_food/substrate.md (secret management)
   - /spores/protocol/charms.md (Charm definitions)
3. Verified: last-bug.md empty - no bugs to fix
4. Modified /root/src/index.html:
   - Added repo-link anchor in hero-description paragraph
   - Added protocol-credit paragraph in footer
5. Modified /root/src/styles.css:
   - Added .repo-link styles for hero section
   - Added .protocol-credit styles for footer
6. Archived both active prompts in prompt.md with <!-- Archived: 2026-03-07 -->
7. Created log entries in prompt.md.log and manifest.log
