--- Story Spore Log ---
Created: 2026-03-07
Status: growing

Action: Initial spore creation
- Defined content sections: Origin, Mycelium Analogy, Key Features, Future Vision
- Set input dependency: manifest.md
- Set output dependency: /root/src/index.html

--- 2026-03-07: Analysis ---
- Status verified: growing (active development)
- Input dependency manifest.md: readable and valid
- Output dependency /root/src/index.html: pending manifestation
- No bugs to fix (last-bug.md empty)

--- 2026-03-07: Second Analysis ---
- Status: growing
- Verified prompt.md archive fix applied
- No bugs to fix

--- 2026-03-07: Manifestation ---
- Status: mature (structure defined in biomass)
- Biomass created: /root/src/index.html
- Content sections implemented:
  1. Origin: How SporeFlow was born
  2. The Mycelium Analogy: Spores to biomass
  3. Key Features: Self-guiding, Retro-feed, Context optimization, Error digestion, Secret isolation
  4. Future Vision: SporeHub
- Output dependency fulfilled: /root/src/index.html now exists
